2024-07-02 13:53:25 info: Server running on port 5001
2024-07-02 13:53:51 info: Environment setup for 1_find_system_groups.sh completed: Created sandbox directory and test_passwd file
Sandbox setup for testing 1_find_system_groups.sh completed

2024-07-02 13:53:52 info: Script 1_find_system_groups.sh executed successfully: root:0
daemon:1
bin:2
sys:3
adm:4
tty:5
disk:6
lp:7
mail:8
news:9
uucp:10
man:12
proxy:13
kmem:15
dialout:20
fax:21
voice:22
cdrom:24
floppy:25
tape:26
sudo:27
audio:29
dip:30
www-data:33
backup:34
operator:37
list:38
irc:39
src:40
gnats:41
shadow:42
utmp:43
video:44
sasl:45
plugdev:46
staff:50
games:60
users:100
systemd-journal:101
systemd-network:102
systemd-resolve:103
messagebus:104
systemd-timesync:105
input:106
sgx:107
kvm:108
render:109
lxd:110
_ssh:111
crontab:112
syslog:113
uuidd:114
tcpdump:115
tss:116
landscape:117
fwupd-refresh:118
mysql:119
ssl-cert:120
postgres:121
mongodb:122
Task completed

2024-07-02 13:53:53 info: Environment destroyed for 1_find_system_groups.sh: 
2024-07-02 13:54:43 info: Server running on port 5001
2024-07-02 13:54:44 info: Server running on port 5001
